2022-11-22T06:49:19.340Z - info: Initialization success.
2022-11-22T06:49:36.823Z - info: Website generation started at 12:19:36 pm
2022-11-22T06:49:36.928Z - info: Building assets...
2022-11-22T06:49:36.964Z - info: Assets built
2022-11-22T06:49:36.966Z - info: Generating pages...
2022-11-22T06:49:37.357Z - info: Pages built
2022-11-22T06:49:37.608Z - info: Site data built
2022-11-22T06:49:37.610Z - info: Website generation complete! Total build time: 0.891s
2022-11-22T06:49:37.659Z - info: Serving "D:\NUS\TA\workspace\_site" at http://127.0.0.1:8080
2022-11-22T06:49:37.662Z - info: Press CTRL+C to stop ...
2022-11-22T06:56:55.997Z - info: [12:26:55 pm] Reload for file add: D:\NUS\TA\workspace\contents\topic1test.md
2022-11-22T06:56:56.088Z - info: [12:26:56 pm] Reload for file deletion: D:\NUS\TA\workspace\contents\topic1.md
2022-11-22T06:56:57.010Z - info: Pages or site config modified, updating pages...
2022-11-22T06:56:58.029Z - debug: Assets removed
2022-11-22T06:56:58.034Z - warn: Rebuilding all pages...
2022-11-22T06:56:58.035Z - info: Generating pages...
2022-11-22T06:56:58.252Z - warn: You might have an invalid intra-link! Ignore this warning if it was intended.
'/contents/topic1.html' found in file 'D:\NUS\TA\workspace\_markbind\layouts\default.md'
2022-11-22T06:56:58.253Z - info: Pages built
2022-11-22T07:00:49.546Z - info: [12:30:49 pm] Reload for file add: D:\NUS\TA\workspace\contents\topic1.md
2022-11-22T07:00:49.645Z - info: [12:30:49 pm] Reload for file deletion: D:\NUS\TA\workspace\contents\topic1test.md
2022-11-22T07:00:50.551Z - info: Pages or site config modified, updating pages...
2022-11-22T07:00:51.562Z - debug: Assets removed
2022-11-22T07:00:51.565Z - warn: Rebuilding all pages...
2022-11-22T07:00:51.567Z - info: Generating pages...
2022-11-22T07:00:51.753Z - info: Pages built
2022-11-22T07:08:01.770Z - info: [12:38:01 pm] Reload for file change: D:\NUS\TA\workspace\_markbind\layouts\default.md
2022-11-22T07:08:02.805Z - info: Rebuilding 5 pages
2022-11-22T07:08:03.077Z - info: Site data built
2022-11-22T07:08:03.078Z - info: Pages rebuilt
2022-11-22T07:08:03.080Z - info: Website regeneration complete! Total build time: 0.277s
2022-11-22T07:08:40.610Z - info: Website generation started at 12:38:40 pm
2022-11-22T07:08:40.706Z - info: Building assets...
2022-11-22T07:08:40.735Z - info: Assets built
2022-11-22T07:08:40.737Z - info: Generating pages...
2022-11-22T07:08:41.245Z - info: Pages built
2022-11-22T07:08:41.470Z - info: Site data built
2022-11-22T07:08:41.472Z - info: Website generation complete! Total build time: 0.958s
2022-11-22T07:08:41.526Z - info: Serving "D:\NUS\TA\workspace\_site" at http://127.0.0.1:8080
2022-11-22T07:08:41.532Z - info: Press CTRL+C to stop ...
2022-11-22T07:09:26.747Z - info: Website generation started at 12:39:26 pm
2022-11-22T07:09:26.848Z - info: Building assets...
2022-11-22T07:09:26.872Z - info: Assets built
2022-11-22T07:09:26.875Z - info: Generating pages...
2022-11-22T07:09:27.262Z - info: Pages built
2022-11-22T07:09:27.482Z - info: Site data built
2022-11-22T07:09:27.485Z - info: Website generation complete! Total build time: 0.814s
2022-11-22T07:09:27.488Z - info: Build success!
2022-11-22T07:09:33.228Z - info: Website generation started at 12:39:33 pm
2022-11-22T07:09:33.320Z - info: Building assets...
2022-11-22T07:09:33.347Z - info: Assets built
2022-11-22T07:09:33.349Z - info: Generating pages...
2022-11-22T07:09:33.741Z - info: Pages built
2022-11-22T07:09:33.961Z - info: Site data built
2022-11-22T07:09:33.962Z - info: Website generation complete! Total build time: 0.809s
2022-11-22T07:09:34.006Z - info: Serving "D:\NUS\TA\workspace\_site" at http://127.0.0.1:8080
2022-11-22T07:09:34.008Z - info: Press CTRL+C to stop ...
2022-11-22T07:10:22.589Z - info: [12:40:22 pm] Reload for file change: D:\NUS\TA\workspace\index.md
2022-11-22T07:10:22.891Z - info: [12:40:22 pm] Reload for file change: D:\NUS\TA\workspace\index.md
2022-11-22T07:10:23.598Z - info: Rebuilding 1 pages
2022-11-22T07:10:23.843Z - info: Site data built
2022-11-22T07:10:23.846Z - info: Pages rebuilt
2022-11-22T07:10:23.847Z - info: Website regeneration complete! Total build time: 0.251s
2022-11-22T07:10:44.810Z - info: [12:40:44 pm] Reload for file change: D:\NUS\TA\workspace\index.md
2022-11-22T07:10:45.814Z - info: Rebuilding 1 pages
2022-11-22T07:10:46.069Z - info: Site data built
2022-11-22T07:10:46.070Z - info: Pages rebuilt
2022-11-22T07:10:46.077Z - info: Website regeneration complete! Total build time: 0.259s
2022-11-22T07:15:10.797Z - info: Website generation started at 12:45:10 pm
2022-11-22T07:15:10.853Z - info: Building assets...
2022-11-22T07:15:10.870Z - info: Assets built
2022-11-22T07:15:10.871Z - info: Generating pages...
2022-11-22T07:15:11.148Z - info: Pages built
2022-11-22T07:15:11.273Z - info: Site data built
2022-11-22T07:15:11.274Z - info: Website generation complete! Total build time: 0.519s
2022-11-22T07:15:11.299Z - info: Serving "D:\NUS\TA\workspace\_site" at http://127.0.0.1:8080
2022-11-22T07:15:11.301Z - info: Press CTRL+C to stop ...
2022-11-22T07:16:28.444Z - info: [12:46:28 pm] Reload for file change: D:\NUS\TA\workspace\_markbind\layouts\default.md
2022-11-22T07:16:29.461Z - info: Rebuilding 5 pages
2022-11-22T07:16:29.588Z - info: Site data built
2022-11-22T07:16:29.589Z - info: Pages rebuilt
2022-11-22T07:16:29.590Z - info: Website regeneration complete! Total build time: 0.129s
2022-11-22T07:18:09.728Z - info: [12:48:09 pm] Reload for file change: D:\NUS\TA\workspace\_markbind\layouts\default.md
2022-11-22T07:18:10.749Z - info: Rebuilding 5 pages
2022-11-22T07:18:10.884Z - info: Site data built
2022-11-22T07:18:10.884Z - info: Pages rebuilt
2022-11-22T07:18:10.885Z - info: Website regeneration complete! Total build time: 0.136s
2022-11-22T07:18:23.508Z - info: [12:48:23 pm] Reload for file change: D:\NUS\TA\workspace\_markbind\layouts\default.md
2022-11-22T07:18:24.521Z - info: Rebuilding 5 pages
2022-11-22T07:18:24.653Z - info: Site data built
2022-11-22T07:18:24.653Z - info: Pages rebuilt
2022-11-22T07:18:24.654Z - info: Website regeneration complete! Total build time: 0.132s
2022-11-22T07:22:29.363Z - info: [12:52:29 pm] Reload for file change: D:\NUS\TA\workspace\_markbind\layouts\default.md
2022-11-22T07:22:30.382Z - info: Rebuilding 5 pages
2022-11-22T07:22:30.505Z - info: Site data built
2022-11-22T07:22:30.505Z - info: Pages rebuilt
2022-11-22T07:22:30.508Z - info: Website regeneration complete! Total build time: 0.125s
2022-11-22T07:24:25.011Z - info: [12:54:25 pm] Reload for file change: D:\NUS\TA\workspace\_markbind\layouts\default.md
2022-11-22T07:24:26.031Z - info: Rebuilding 5 pages
2022-11-22T07:24:26.164Z - info: Site data built
2022-11-22T07:24:26.165Z - info: Pages rebuilt
2022-11-22T07:24:26.171Z - info: Website regeneration complete! Total build time: 0.135s
2022-11-22T08:23:22.863Z - info: [1:53:22 pm] Reload for file change: D:\NUS\TA\workspace\index.md
2022-11-22T08:23:23.867Z - info: Rebuilding 1 pages
2022-11-22T08:23:23.949Z - info: Site data built
2022-11-22T08:23:23.949Z - info: Pages rebuilt
2022-11-22T08:23:23.951Z - info: Website regeneration complete! Total build time: 0.084s
2022-11-22T08:26:06.341Z - info: [1:56:06 pm] Reload for file change: D:\NUS\TA\workspace\index.md
2022-11-22T08:26:07.344Z - info: Rebuilding 1 pages
2022-11-22T08:26:07.373Z - info: Site data built
2022-11-22T08:26:07.374Z - info: Pages rebuilt
2022-11-22T08:26:07.375Z - info: Website regeneration complete! Total build time: 0.031s
2022-11-22T08:27:47.363Z - info: [1:57:47 pm] Reload for file change: D:\NUS\TA\workspace\contents\topic1.md
2022-11-22T08:27:48.365Z - info: Rebuilding 1 pages
2022-11-22T08:27:48.397Z - info: Site data built
2022-11-22T08:27:48.397Z - info: Pages rebuilt
2022-11-22T08:27:48.398Z - info: Website regeneration complete! Total build time: 0.033s
2022-11-22T08:28:29.559Z - info: [1:58:29 pm] Reload for file change: D:\NUS\TA\workspace\contents\topic2.md
2022-11-22T08:28:30.562Z - info: Rebuilding 1 pages
2022-11-22T08:28:30.596Z - info: Site data built
2022-11-22T08:28:30.598Z - info: Pages rebuilt
2022-11-22T08:28:30.598Z - info: Website regeneration complete! Total build time: 0.038s
2022-11-22T08:29:39.645Z - info: [1:59:39 pm] Reload for file change: D:\NUS\TA\workspace\contents\topic2.md
2022-11-22T08:29:40.649Z - info: Rebuilding 1 pages
2022-11-22T08:29:40.675Z - info: Site data built
2022-11-22T08:29:40.675Z - info: Pages rebuilt
2022-11-22T08:29:40.676Z - info: Website regeneration complete! Total build time: 0.027s
2022-11-22T08:29:55.173Z - info: [1:59:55 pm] Reload for file change: D:\NUS\TA\workspace\contents\topic2.md
2022-11-22T08:29:56.175Z - info: Rebuilding 1 pages
2022-11-22T08:29:56.204Z - info: Site data built
2022-11-22T08:29:56.204Z - info: Pages rebuilt
2022-11-22T08:29:56.206Z - info: Website regeneration complete! Total build time: 0.03s
2022-11-22T08:30:46.997Z - info: [2:00:46 pm] Reload for file add: D:\NUS\TA\workspace\contents\team.md
2022-11-22T08:30:47.096Z - info: [2:00:47 pm] Reload for file deletion: D:\NUS\TA\workspace\contents\topic2.md
2022-11-22T08:30:48.000Z - info: Pages or site config modified, updating pages...
2022-11-22T08:30:49.008Z - debug: Assets removed
2022-11-22T08:30:49.010Z - warn: Rebuilding all pages...
2022-11-22T08:30:49.011Z - info: Generating pages...
2022-11-22T08:30:49.096Z - warn: You might have an invalid intra-link! Ignore this warning if it was intended.
'/contents/topic2.html' found in file 'D:\NUS\TA\workspace\_markbind\layouts\default.md'
2022-11-22T08:30:49.097Z - info: Pages built
2022-11-22T08:31:07.352Z - info: [2:01:07 pm] Reload for file add: D:\NUS\TA\workspace\contents\tools.md
2022-11-22T08:31:07.451Z - info: [2:01:07 pm] Reload for file deletion: D:\NUS\TA\workspace\contents\topic3a.md
2022-11-22T08:31:08.355Z - info: Pages or site config modified, updating pages...
2022-11-22T08:31:09.363Z - debug: Assets removed
2022-11-22T08:31:09.364Z - warn: Rebuilding all pages...
2022-11-22T08:31:09.365Z - info: Generating pages...
2022-11-22T08:31:09.449Z - warn: You might have an invalid intra-link! Ignore this warning if it was intended.
'/contents/topic2.html' found in file 'D:\NUS\TA\workspace\_markbind\layouts\default.md'
2022-11-22T08:31:09.450Z - warn: You might have an invalid intra-link! Ignore this warning if it was intended.
'/contents/topic3a.html' found in file 'D:\NUS\TA\workspace\_markbind\layouts\default.md'
2022-11-22T08:31:09.451Z - info: Pages built
2022-11-22T08:32:25.419Z - info: [2:02:25 pm] Reload for file change: D:\NUS\TA\workspace\contents\tools.md
2022-11-22T08:32:26.420Z - info: Rebuilding 1 pages
2022-11-22T08:32:26.451Z - info: Site data built
2022-11-22T08:32:26.452Z - info: Pages rebuilt
2022-11-22T08:32:26.454Z - info: Website regeneration complete! Total build time: 0.032s
2022-11-22T08:32:29.001Z - info: [2:02:29 pm] Reload for file change: D:\NUS\TA\workspace\_markbind\layouts\default.md
2022-11-22T08:32:30.025Z - info: Rebuilding 5 pages
2022-11-22T08:32:30.135Z - warn: You might have an invalid intra-link! Ignore this warning if it was intended.
'/contents/topic2.html' found in file 'D:\NUS\TA\workspace\_markbind\layouts\default.md'
2022-11-22T08:32:30.137Z - warn: You might have an invalid intra-link! Ignore this warning if it was intended.
'/contents/topic3a.html' found in file 'D:\NUS\TA\workspace\_markbind\layouts\default.md'
2022-11-22T08:32:30.142Z - info: Site data built
2022-11-22T08:32:30.143Z - info: Pages rebuilt
2022-11-22T08:32:30.151Z - info: Website regeneration complete! Total build time: 0.12s
2022-11-22T08:32:55.728Z - info: [2:02:55 pm] Reload for file change: D:\NUS\TA\workspace\_markbind\layouts\default.md
2022-11-22T08:32:56.753Z - info: Rebuilding 5 pages
2022-11-22T08:32:56.881Z - warn: You might have an invalid intra-link! Ignore this warning if it was intended.
'/contents/topic3a.html' found in file 'D:\NUS\TA\workspace\_markbind\layouts\default.md'
2022-11-22T08:32:56.883Z - info: Site data built
2022-11-22T08:32:56.883Z - info: Pages rebuilt
2022-11-22T08:32:56.884Z - info: Website regeneration complete! Total build time: 0.133s
2022-11-22T08:33:23.717Z - info: Website generation started at 2:03:23 pm
2022-11-22T08:33:23.779Z - info: Building assets...
2022-11-22T08:33:23.795Z - info: Assets built
2022-11-22T08:33:23.796Z - info: Generating pages...
2022-11-22T08:33:24.028Z - warn: You might have an invalid intra-link! Ignore this warning if it was intended.
'/contents/topic3a.html' found in file 'D:\NUS\TA\workspace\_markbind\layouts\default.md'
2022-11-22T08:33:24.029Z - info: Pages built
2022-11-22T08:33:24.146Z - info: Site data built
2022-11-22T08:33:24.146Z - info: Website generation complete! Total build time: 0.473s
2022-11-22T08:33:24.172Z - info: Serving "D:\NUS\TA\workspace\_site" at http://127.0.0.1:8080
2022-11-22T08:33:24.174Z - info: Press CTRL+C to stop ...
2022-11-22T08:34:22.290Z - info: [2:04:22 pm] Reload for file add: D:\NUS\TA\workspace\contents\tools-downloads.md
2022-11-22T08:34:22.390Z - info: [2:04:22 pm] Reload for file deletion: D:\NUS\TA\workspace\contents\topic3b.md
2022-11-22T08:34:23.294Z - info: Pages or site config modified, updating pages...
2022-11-22T08:34:24.304Z - debug: Assets removed
2022-11-22T08:34:24.305Z - warn: Rebuilding all pages...
2022-11-22T08:34:24.307Z - info: Generating pages...
2022-11-22T08:34:24.414Z - warn: You might have an invalid intra-link! Ignore this warning if it was intended.
'/contents/topic3a.html' found in file 'D:\NUS\TA\workspace\_markbind\layouts\default.md'
2022-11-22T08:34:24.415Z - warn: You might have an invalid intra-link! Ignore this warning if it was intended.
'/contents/topic3b.html' found in file 'D:\NUS\TA\workspace\_markbind\layouts\default.md'
2022-11-22T08:34:24.418Z - info: Pages built
2022-11-22T08:34:56.078Z - info: [2:04:56 pm] Reload for file change: D:\NUS\TA\workspace\contents\tools-downloads.md
2022-11-22T08:34:57.080Z - info: Rebuilding 1 pages
2022-11-22T08:34:57.108Z - info: Site data built
2022-11-22T08:34:57.108Z - info: Pages rebuilt
2022-11-22T08:34:57.109Z - info: Website regeneration complete! Total build time: 0.029s
2022-11-22T08:35:01.666Z - info: [2:05:01 pm] Reload for file change: D:\NUS\TA\workspace\contents\tools-downloads.md
2022-11-22T08:35:02.668Z - info: Rebuilding 1 pages
2022-11-22T08:35:02.699Z - info: Site data built
2022-11-22T08:35:02.700Z - info: Pages rebuilt
2022-11-22T08:35:02.700Z - info: Website regeneration complete! Total build time: 0.033s
2022-11-22T08:35:14.426Z - info: [2:05:14 pm] Reload for file change: D:\NUS\TA\workspace\_markbind\layouts\default.md
2022-11-22T08:35:15.448Z - info: Rebuilding 5 pages
2022-11-22T08:35:15.549Z - warn: You might have an invalid intra-link! Ignore this warning if it was intended.
'/contents/topic3b.html' found in file 'D:\NUS\TA\workspace\_markbind\layouts\default.md'
2022-11-22T08:35:15.549Z - warn: You might have an invalid intra-link! Ignore this warning if it was intended.
'/contents/topic3a.html' found in file 'D:\NUS\TA\workspace\_markbind\layouts\default.md'
2022-11-22T08:35:15.552Z - info: Site data built
2022-11-22T08:35:15.553Z - info: Pages rebuilt
2022-11-22T08:35:15.555Z - info: Website regeneration complete! Total build time: 0.106s
2022-11-22T08:35:31.789Z - info: [2:05:31 pm] Reload for file change: D:\NUS\TA\workspace\_markbind\layouts\default.md
2022-11-22T08:35:32.808Z - info: Rebuilding 5 pages
2022-11-22T08:35:32.924Z - warn: You might have an invalid intra-link! Ignore this warning if it was intended.
'/contents/topic3b.html' found in file 'D:\NUS\TA\workspace\_markbind\layouts\default.md'
2022-11-22T08:35:32.924Z - warn: You might have an invalid intra-link! Ignore this warning if it was intended.
'/contents/topic3a.html' found in file 'D:\NUS\TA\workspace\_markbind\layouts\default.md'
2022-11-22T08:35:32.927Z - info: Site data built
2022-11-22T08:35:32.928Z - info: Pages rebuilt
2022-11-22T08:35:32.928Z - info: Website regeneration complete! Total build time: 0.121s
2022-11-22T08:35:41.001Z - info: Website generation started at 2:05:40 pm
2022-11-22T08:35:41.056Z - info: Building assets...
2022-11-22T08:35:41.072Z - info: Assets built
2022-11-22T08:35:41.073Z - info: Generating pages...
2022-11-22T08:35:41.281Z - warn: You might have an invalid intra-link! Ignore this warning if it was intended.
'/contents/topic3b.html' found in file 'D:\NUS\TA\workspace\_markbind\layouts\default.md'
2022-11-22T08:35:41.282Z - warn: You might have an invalid intra-link! Ignore this warning if it was intended.
'/contents/topic3a.html' found in file 'D:\NUS\TA\workspace\_markbind\layouts\default.md'
2022-11-22T08:35:41.284Z - info: Pages built
2022-11-22T08:35:41.392Z - info: Site data built
2022-11-22T08:35:41.393Z - info: Website generation complete! Total build time: 0.439s
2022-11-22T08:35:41.417Z - info: Serving "D:\NUS\TA\workspace\_site" at http://127.0.0.1:8080
2022-11-22T08:35:41.418Z - info: Press CTRL+C to stop ...
2022-11-22T08:36:25.584Z - info: [2:06:25 pm] Reload for file change: D:\NUS\TA\workspace\contents\tools-downloads.md
2022-11-22T08:36:26.594Z - info: Rebuilding 1 pages
2022-11-22T08:36:26.629Z - info: Site data built
2022-11-22T08:36:26.630Z - info: Pages rebuilt
2022-11-22T08:36:26.631Z - info: Website regeneration complete! Total build time: 0.037s
2022-11-22T08:42:09.451Z - info: [2:12:09 pm] Reload for file change: D:\NUS\TA\workspace\contents\tools-downloads.md
2022-11-22T08:42:09.676Z - info: [2:12:09 pm] Reload for file change: D:\NUS\TA\workspace\contents\tools-downloads.md
2022-11-22T08:42:09.862Z - info: [2:12:09 pm] Reload for file change: D:\NUS\TA\workspace\contents\tools-downloads.md
2022-11-22T08:42:10.454Z - info: Rebuilding 1 pages
2022-11-22T08:42:10.496Z - info: Site data built
2022-11-22T08:42:10.497Z - info: Pages rebuilt
2022-11-22T08:42:10.497Z - info: Website regeneration complete! Total build time: 0.044s
2022-11-22T08:43:16.907Z - info: [2:13:16 pm] Reload for file change: D:\NUS\TA\workspace\contents\tools-downloads.md
2022-11-22T08:43:17.909Z - info: Rebuilding 1 pages
2022-11-22T08:43:17.945Z - warn: You might have an invalid intra-link! Ignore this warning if it was intended.
'/raw/main/archive/spa-win-2022-Jan-07.zip' found in file 'D:\NUS\TA\workspace\contents\tools-downloads.md'
2022-11-22T08:43:17.948Z - info: Site data built
2022-11-22T08:43:17.948Z - info: Pages rebuilt
2022-11-22T08:43:17.949Z - info: Website regeneration complete! Total build time: 0.041s
2022-11-22T08:44:47.320Z - info: [2:14:47 pm] Reload for file change: D:\NUS\TA\workspace\contents\tools-downloads.md
2022-11-22T08:44:48.321Z - info: Rebuilding 1 pages
2022-11-22T08:44:48.352Z - warn: You might have an invalid intra-link! Ignore this warning if it was intended.
'/raw/main/archive/spa-win-2022-Jan-07.zip' found in file 'D:\NUS\TA\workspace\contents\tools-downloads.md'
2022-11-22T08:44:48.352Z - warn: You might have an invalid intra-link! Ignore this warning if it was intended.
'/raw/main/archive/spa-cp-2022-Jan-07.zip' found in file 'D:\NUS\TA\workspace\contents\tools-downloads.md'
2022-11-22T08:44:48.355Z - info: Site data built
2022-11-22T08:44:48.355Z - info: Pages rebuilt
2022-11-22T08:44:48.356Z - info: Website regeneration complete! Total build time: 0.036s
2022-11-22T08:45:28.884Z - info: [2:15:28 pm] Reload for file change: D:\NUS\TA\workspace\contents\tools-downloads.md
2022-11-22T08:45:29.886Z - info: Rebuilding 1 pages
2022-11-22T08:45:29.921Z - warn: You might have an invalid intra-link! Ignore this warning if it was intended.
'/raw/main/archive/spa-win-2022-Jan-07.zip' found in file 'D:\NUS\TA\workspace\contents\tools-downloads.md'
2022-11-22T08:45:29.922Z - warn: You might have an invalid intra-link! Ignore this warning if it was intended.
'/raw/main/archive/spa-cp-2022-Jan-07.zip' found in file 'D:\NUS\TA\workspace\contents\tools-downloads.md'
2022-11-22T08:45:29.923Z - warn: You might have an invalid intra-link! Ignore this warning if it was intended.
'/raw/main/tools-lab-slides/tools-lab.pdf' found in file 'D:\NUS\TA\workspace\contents\tools-downloads.md'
2022-11-22T08:45:29.928Z - info: Site data built
2022-11-22T08:45:29.934Z - info: Pages rebuilt
2022-11-22T08:45:29.938Z - info: Website regeneration complete! Total build time: 0.049s
2022-11-22T08:46:10.041Z - info: [2:16:10 pm] Reload for file change: D:\NUS\TA\workspace\contents\tools-downloads.md
2022-11-22T08:46:11.043Z - info: Rebuilding 1 pages
2022-11-22T08:46:11.090Z - warn: You might have an invalid intra-link! Ignore this warning if it was intended.
'/raw/main/archive/spa-win-2022-Jan-07.zip' found in file 'D:\NUS\TA\workspace\contents\tools-downloads.md'
2022-11-22T08:46:11.094Z - warn: You might have an invalid intra-link! Ignore this warning if it was intended.
'/raw/main/archive/spa-cp-2022-Jan-07.zip' found in file 'D:\NUS\TA\workspace\contents\tools-downloads.md'
2022-11-22T08:46:11.095Z - warn: You might have an invalid intra-link! Ignore this warning if it was intended.
'/raw/main/tools-lab-slides/tools-lab.pdf' found in file 'D:\NUS\TA\workspace\contents\tools-downloads.md'
2022-11-22T08:46:11.096Z - warn: You might have an invalid intra-link! Ignore this warning if it was intended.
'/tree/main/sample-simple-source-programs/prototype_sample_SIMPLE_source.txt' found in file 'D:\NUS\TA\workspace\contents\tools-downloads.md'
2022-11-22T08:46:11.101Z - info: Site data built
2022-11-22T08:46:11.102Z - info: Pages rebuilt
2022-11-22T08:46:11.105Z - info: Website regeneration complete! Total build time: 0.06s
2022-11-22T08:46:28.042Z - info: Website generation started at 2:16:27 pm
2022-11-22T08:46:28.100Z - info: Building assets...
2022-11-22T08:46:28.117Z - info: Assets built
2022-11-22T08:46:28.118Z - info: Generating pages...
2022-11-22T08:46:28.360Z - warn: You might have an invalid intra-link! Ignore this warning if it was intended.
'/raw/main/archive/spa-win-2022-Jan-07.zip' found in file 'D:\NUS\TA\workspace\contents\tools-downloads.md'
2022-11-22T08:46:28.361Z - warn: You might have an invalid intra-link! Ignore this warning if it was intended.
'/raw/main/archive/spa-cp-2022-Jan-07.zip' found in file 'D:\NUS\TA\workspace\contents\tools-downloads.md'
2022-11-22T08:46:28.362Z - warn: You might have an invalid intra-link! Ignore this warning if it was intended.
'/raw/main/tools-lab-slides/tools-lab.pdf' found in file 'D:\NUS\TA\workspace\contents\tools-downloads.md'
2022-11-22T08:46:28.365Z - warn: You might have an invalid intra-link! Ignore this warning if it was intended.
'/tree/main/sample-simple-source-programs/prototype_sample_SIMPLE_source.txt' found in file 'D:\NUS\TA\workspace\contents\tools-downloads.md'
2022-11-22T08:46:28.367Z - warn: You might have an invalid intra-link! Ignore this warning if it was intended.
'/contents/topic3b.html' found in file 'D:\NUS\TA\workspace\_markbind\layouts\default.md'
2022-11-22T08:46:28.367Z - warn: You might have an invalid intra-link! Ignore this warning if it was intended.
'/contents/topic3a.html' found in file 'D:\NUS\TA\workspace\_markbind\layouts\default.md'
2022-11-22T08:46:28.368Z - info: Pages built
2022-11-22T08:46:28.478Z - info: Site data built
2022-11-22T08:46:28.479Z - info: Website generation complete! Total build time: 0.486s
2022-11-22T08:46:28.504Z - info: Serving "D:\NUS\TA\workspace\_site" at http://127.0.0.1:8080
2022-11-22T08:46:28.505Z - info: Press CTRL+C to stop ...
2022-11-22T08:47:06.329Z - info: [2:17:06 pm] Reload for file change: D:\NUS\TA\workspace\contents\tools-downloads.md
2022-11-22T08:47:07.335Z - info: Rebuilding 1 pages
2022-11-22T08:47:07.401Z - warn: You might have an invalid intra-link! Ignore this warning if it was intended.
'/raw/main/archive/spa-win-2022-Jan-07.zip' found in file 'D:\NUS\TA\workspace\contents\tools-downloads.md'
2022-11-22T08:47:07.401Z - warn: You might have an invalid intra-link! Ignore this warning if it was intended.
'/raw/main/archive/spa-cp-2022-Jan-07.zip' found in file 'D:\NUS\TA\workspace\contents\tools-downloads.md'
2022-11-22T08:47:07.402Z - warn: You might have an invalid intra-link! Ignore this warning if it was intended.
'/raw/main/tools-lab-slides/tools-lab.pdf' found in file 'D:\NUS\TA\workspace\contents\tools-downloads.md'
2022-11-22T08:47:07.402Z - warn: You might have an invalid intra-link! Ignore this warning if it was intended.
'/tree/main/sample-simple-source-programs/prototype_sample_SIMPLE_source.txt' found in file 'D:\NUS\TA\workspace\contents\tools-downloads.md'
2022-11-22T08:47:07.406Z - info: Site data built
2022-11-22T08:47:07.406Z - info: Pages rebuilt
2022-11-22T08:47:07.408Z - info: Website regeneration complete! Total build time: 0.073s
2022-11-22T08:47:14.114Z - info: [2:17:14 pm] Reload for file change: D:\NUS\TA\workspace\contents\tools-downloads.md
2022-11-22T08:47:15.117Z - info: Rebuilding 1 pages
2022-11-22T08:47:15.146Z - warn: You might have an invalid intra-link! Ignore this warning if it was intended.
'/raw/main/archive/spa-win-2022-Jan-07.zip' found in file 'D:\NUS\TA\workspace\contents\tools-downloads.md'
2022-11-22T08:47:15.148Z - warn: You might have an invalid intra-link! Ignore this warning if it was intended.
'/raw/main/archive/spa-cp-2022-Jan-07.zip' found in file 'D:\NUS\TA\workspace\contents\tools-downloads.md'
2022-11-22T08:47:15.148Z - warn: You might have an invalid intra-link! Ignore this warning if it was intended.
'/raw/main/tools-lab-slides/tools-lab.pdf' found in file 'D:\NUS\TA\workspace\contents\tools-downloads.md'
2022-11-22T08:47:15.149Z - warn: You might have an invalid intra-link! Ignore this warning if it was intended.
'/tree/main/sample-simple-source-programs/prototype_sample_SIMPLE_source.txt' found in file 'D:\NUS\TA\workspace\contents\tools-downloads.md'
2022-11-22T08:47:15.154Z - info: Site data built
2022-11-22T08:47:15.154Z - info: Pages rebuilt
2022-11-22T08:47:15.157Z - info: Website regeneration complete! Total build time: 0.038s
2022-11-22T08:47:46.074Z - info: [2:17:46 pm] Reload for file change: D:\NUS\TA\workspace\contents\tools-downloads.md
2022-11-22T08:47:47.076Z - info: Rebuilding 1 pages
2022-11-22T08:47:47.137Z - warn: You might have an invalid intra-link! Ignore this warning if it was intended.
'/raw/main/archive/spa-win-2022-Jan-07.zip' found in file 'D:\NUS\TA\workspace\contents\tools-downloads.md'
2022-11-22T08:47:47.151Z - warn: You might have an invalid intra-link! Ignore this warning if it was intended.
'/raw/main/archive/spa-cp-2022-Jan-07.zip' found in file 'D:\NUS\TA\workspace\contents\tools-downloads.md'
2022-11-22T08:47:47.161Z - warn: You might have an invalid intra-link! Ignore this warning if it was intended.
'/raw/main/tools-lab-slides/tools-lab.pdf' found in file 'D:\NUS\TA\workspace\contents\tools-downloads.md'
2022-11-22T08:47:47.163Z - warn: You might have an invalid intra-link! Ignore this warning if it was intended.
'/tree/main/sample-simple-source-programs/prototype_sample_SIMPLE_source.txt' found in file 'D:\NUS\TA\workspace\contents\tools-downloads.md'
2022-11-22T08:47:47.174Z - info: Site data built
2022-11-22T08:47:47.174Z - info: Pages rebuilt
2022-11-22T08:47:47.189Z - info: Website regeneration complete! Total build time: 0.1s
2022-11-22T08:52:11.246Z - info: [2:22:11 pm] Reload for file add: D:\NUS\TA\workspace\contents\topic3a.md
2022-11-22T08:52:12.253Z - info: Pages or site config modified, updating pages...
2022-11-22T08:52:13.269Z - warn: Rebuilding all pages...
2022-11-22T08:52:13.273Z - info: Generating pages...
2022-11-22T08:52:13.405Z - warn: You might have an invalid intra-link! Ignore this warning if it was intended.
'/raw/main/archive/spa-win-2022-Jan-07.zip' found in file 'D:\NUS\TA\workspace\contents\tools-downloads.md'
2022-11-22T08:52:13.406Z - warn: You might have an invalid intra-link! Ignore this warning if it was intended.
'/raw/main/archive/spa-cp-2022-Jan-07.zip' found in file 'D:\NUS\TA\workspace\contents\tools-downloads.md'
2022-11-22T08:52:13.406Z - warn: You might have an invalid intra-link! Ignore this warning if it was intended.
'/raw/main/tools-lab-slides/tools-lab.pdf' found in file 'D:\NUS\TA\workspace\contents\tools-downloads.md'
2022-11-22T08:52:13.407Z - warn: You might have an invalid intra-link! Ignore this warning if it was intended.
'/tree/main/sample-simple-source-programs/prototype_sample_SIMPLE_source.txt' found in file 'D:\NUS\TA\workspace\contents\tools-downloads.md'
2022-11-22T08:52:13.408Z - warn: You might have an invalid intra-link! Ignore this warning if it was intended.
'/contents/topic3b.html' found in file 'D:\NUS\TA\workspace\_markbind\layouts\default.md'
2022-11-22T08:52:13.409Z - info: Pages built
2022-11-22T08:52:21.919Z - info: Website generation started at 2:22:21 pm
2022-11-22T08:52:21.973Z - info: Building assets...
2022-11-22T08:52:21.988Z - info: Assets built
2022-11-22T08:52:21.990Z - info: Generating pages...
2022-11-22T08:52:22.274Z - warn: You might have an invalid intra-link! Ignore this warning if it was intended.
'/raw/main/archive/spa-win-2022-Jan-07.zip' found in file 'D:\NUS\TA\workspace\contents\tools-downloads.md'
2022-11-22T08:52:22.275Z - warn: You might have an invalid intra-link! Ignore this warning if it was intended.
'/raw/main/archive/spa-cp-2022-Jan-07.zip' found in file 'D:\NUS\TA\workspace\contents\tools-downloads.md'
2022-11-22T08:52:22.276Z - warn: You might have an invalid intra-link! Ignore this warning if it was intended.
'/raw/main/tools-lab-slides/tools-lab.pdf' found in file 'D:\NUS\TA\workspace\contents\tools-downloads.md'
2022-11-22T08:52:22.277Z - warn: You might have an invalid intra-link! Ignore this warning if it was intended.
'/tree/main/sample-simple-source-programs/prototype_sample_SIMPLE_source.txt' found in file 'D:\NUS\TA\workspace\contents\tools-downloads.md'
2022-11-22T08:52:22.278Z - warn: You might have an invalid intra-link! Ignore this warning if it was intended.
'/contents/topic3b.html' found in file 'D:\NUS\TA\workspace\_markbind\layouts\default.md'
2022-11-22T08:52:22.280Z - info: Pages built
2022-11-22T08:52:22.414Z - info: Site data built
2022-11-22T08:52:22.415Z - info: Website generation complete! Total build time: 0.552s
2022-11-22T08:52:22.449Z - info: Serving "D:\NUS\TA\workspace\_site" at http://127.0.0.1:8080
2022-11-22T08:52:22.450Z - info: Press CTRL+C to stop ...
2022-11-22T08:52:30.840Z - info: [2:22:30 pm] Reload for file add: D:\NUS\TA\workspace\contents\topic3b.md
2022-11-22T08:52:30.939Z - info: [2:22:30 pm] Reload for file deletion: D:\NUS\TA\workspace\contents\topic3a.md
2022-11-22T08:52:31.842Z - info: Pages or site config modified, updating pages...
2022-11-22T08:52:32.847Z - debug: Assets removed
2022-11-22T08:52:32.848Z - warn: Rebuilding all pages...
2022-11-22T08:52:32.849Z - info: Generating pages...
2022-11-22T08:52:32.957Z - warn: You might have an invalid intra-link! Ignore this warning if it was intended.
'/raw/main/archive/spa-win-2022-Jan-07.zip' found in file 'D:\NUS\TA\workspace\contents\tools-downloads.md'
2022-11-22T08:52:32.958Z - warn: You might have an invalid intra-link! Ignore this warning if it was intended.
'/raw/main/archive/spa-cp-2022-Jan-07.zip' found in file 'D:\NUS\TA\workspace\contents\tools-downloads.md'
2022-11-22T08:52:32.958Z - warn: You might have an invalid intra-link! Ignore this warning if it was intended.
'/raw/main/tools-lab-slides/tools-lab.pdf' found in file 'D:\NUS\TA\workspace\contents\tools-downloads.md'
2022-11-22T08:52:32.959Z - warn: You might have an invalid intra-link! Ignore this warning if it was intended.
'/tree/main/sample-simple-source-programs/prototype_sample_SIMPLE_source.txt' found in file 'D:\NUS\TA\workspace\contents\tools-downloads.md'
2022-11-22T08:52:32.960Z - warn: You might have an invalid intra-link! Ignore this warning if it was intended.
'/contents/topic3a.html' found in file 'D:\NUS\TA\workspace\_markbind\layouts\default.md'
2022-11-22T08:52:32.962Z - info: Pages built
2022-11-22T08:52:53.487Z - info: [2:22:53 pm] Reload for file add: D:\NUS\TA\workspace\contents\topic3b - Copy.md
2022-11-22T08:52:54.491Z - info: Pages or site config modified, updating pages...
2022-11-22T08:52:55.496Z - warn: Rebuilding all pages...
2022-11-22T08:52:55.498Z - info: Generating pages...
2022-11-22T08:52:55.602Z - warn: You might have an invalid intra-link! Ignore this warning if it was intended.
'/raw/main/archive/spa-win-2022-Jan-07.zip' found in file 'D:\NUS\TA\workspace\contents\tools-downloads.md'
2022-11-22T08:52:55.602Z - warn: You might have an invalid intra-link! Ignore this warning if it was intended.
'/raw/main/archive/spa-cp-2022-Jan-07.zip' found in file 'D:\NUS\TA\workspace\contents\tools-downloads.md'
2022-11-22T08:52:55.603Z - warn: You might have an invalid intra-link! Ignore this warning if it was intended.
'/raw/main/tools-lab-slides/tools-lab.pdf' found in file 'D:\NUS\TA\workspace\contents\tools-downloads.md'
2022-11-22T08:52:55.603Z - warn: You might have an invalid intra-link! Ignore this warning if it was intended.
'/tree/main/sample-simple-source-programs/prototype_sample_SIMPLE_source.txt' found in file 'D:\NUS\TA\workspace\contents\tools-downloads.md'
2022-11-22T08:52:55.604Z - warn: You might have an invalid intra-link! Ignore this warning if it was intended.
'/contents/topic3a.html' found in file 'D:\NUS\TA\workspace\_markbind\layouts\default.md'
2022-11-22T08:52:55.606Z - info: Pages built
2022-11-22T08:52:57.645Z - info: [2:22:57 pm] Reload for file add: D:\NUS\TA\workspace\contents\topic3a.md
2022-11-22T08:52:57.744Z - info: [2:22:57 pm] Reload for file deletion: D:\NUS\TA\workspace\contents\topic3b - Copy.md
2022-11-22T08:52:58.650Z - info: Pages or site config modified, updating pages...
2022-11-22T08:52:59.658Z - debug: Assets removed
2022-11-22T08:52:59.661Z - warn: Rebuilding all pages...
2022-11-22T08:52:59.663Z - info: Generating pages...
2022-11-22T08:52:59.771Z - warn: You might have an invalid intra-link! Ignore this warning if it was intended.
'/raw/main/archive/spa-win-2022-Jan-07.zip' found in file 'D:\NUS\TA\workspace\contents\tools-downloads.md'
2022-11-22T08:52:59.771Z - warn: You might have an invalid intra-link! Ignore this warning if it was intended.
'/raw/main/archive/spa-cp-2022-Jan-07.zip' found in file 'D:\NUS\TA\workspace\contents\tools-downloads.md'
2022-11-22T08:52:59.772Z - warn: You might have an invalid intra-link! Ignore this warning if it was intended.
'/raw/main/tools-lab-slides/tools-lab.pdf' found in file 'D:\NUS\TA\workspace\contents\tools-downloads.md'
2022-11-22T08:52:59.772Z - warn: You might have an invalid intra-link! Ignore this warning if it was intended.
'/tree/main/sample-simple-source-programs/prototype_sample_SIMPLE_source.txt' found in file 'D:\NUS\TA\workspace\contents\tools-downloads.md'
2022-11-22T08:52:59.775Z - info: Pages built
2022-11-22T09:09:25.029Z - info: [2:39:25 pm] Reload for file change: D:\NUS\TA\workspace\_markbind\layouts\default.md
2022-11-22T09:09:26.053Z - info: Rebuilding 7 pages
2022-11-22T09:09:26.178Z - warn: You might have an invalid intra-link! Ignore this warning if it was intended.
'/raw/main/archive/spa-win-2022-Jan-07.zip' found in file 'D:\NUS\TA\workspace\contents\tools-downloads.md'
2022-11-22T09:09:26.180Z - warn: You might have an invalid intra-link! Ignore this warning if it was intended.
'/raw/main/archive/spa-cp-2022-Jan-07.zip' found in file 'D:\NUS\TA\workspace\contents\tools-downloads.md'
2022-11-22T09:09:26.181Z - warn: You might have an invalid intra-link! Ignore this warning if it was intended.
'/raw/main/tools-lab-slides/tools-lab.pdf' found in file 'D:\NUS\TA\workspace\contents\tools-downloads.md'
2022-11-22T09:09:26.184Z - warn: You might have an invalid intra-link! Ignore this warning if it was intended.
'/tree/main/sample-simple-source-programs/prototype_sample_SIMPLE_source.txt' found in file 'D:\NUS\TA\workspace\contents\tools-downloads.md'
2022-11-22T09:09:26.189Z - info: Site data built
2022-11-22T09:09:26.198Z - info: Pages rebuilt
2022-11-22T09:09:26.199Z - info: Website regeneration complete! Total build time: 0.145s
2022-11-22T10:29:17.882Z - info: Website generation started at 3:59:17 pm
2022-11-22T10:29:17.942Z - info: Building assets...
2022-11-22T10:29:17.958Z - info: Assets built
2022-11-22T10:29:17.959Z - info: Generating pages...
2022-11-22T10:29:18.221Z - warn: You might have an invalid intra-link! Ignore this warning if it was intended.
'/raw/main/archive/spa-win-2022-Jan-07.zip' found in file 'D:\NUS\TA\workspace\contents\tools-downloads.md'
2022-11-22T10:29:18.222Z - warn: You might have an invalid intra-link! Ignore this warning if it was intended.
'/raw/main/archive/spa-cp-2022-Jan-07.zip' found in file 'D:\NUS\TA\workspace\contents\tools-downloads.md'
2022-11-22T10:29:18.224Z - warn: You might have an invalid intra-link! Ignore this warning if it was intended.
'/raw/main/tools-lab-slides/tools-lab.pdf' found in file 'D:\NUS\TA\workspace\contents\tools-downloads.md'
2022-11-22T10:29:18.225Z - warn: You might have an invalid intra-link! Ignore this warning if it was intended.
'/tree/main/sample-simple-source-programs/prototype_sample_SIMPLE_source.txt' found in file 'D:\NUS\TA\workspace\contents\tools-downloads.md'
2022-11-22T10:29:18.227Z - info: Pages built
2022-11-22T10:29:18.334Z - info: Site data built
2022-11-22T10:29:18.335Z - info: Website generation complete! Total build time: 0.496s
2022-11-22T10:29:18.338Z - info: Build success!
